-------------------------------------------------------------------------------
Test set: com.swag_labs.Cenario2_TelaInicialEListagemDeProdutos.CT05_ValidarRedirecionamentoParaTodosItens
-------------------------------------------------------------------------------
Tests run: 1, Failures: 0, Errors: 1, Skipped: 0, Time elapsed: 7.251 s <<< FAILURE! -- in com.swag_labs.Cenario2_TelaInicialEListagemDeProdutos.CT05_ValidarRedirecionamentoParaTodosItens
com.swag_labs.Cenario2_TelaInicialEListagemDeProdutos.CT05_ValidarRedirecionamentoParaTodosItens.validarProdutosENavegacaoPorMenu -- Time elapsed: 1.844 s <<< ERROR!
org.openqa.selenium.ElementClickInterceptedException: 
element click intercepted: Element <button type="button" id="react-burger-menu-btn" style="position: absolute; left: 0px; top: 0px; z-index: 1; width: 100%; height: 100%; margin: 0px; padding: 0px; border: none; font-size: 0px; background: transparent; cursor: pointer;">...</button> is not clickable at point (30, 30). Other element would receive the click: <div class="bm-menu" style="height: 100%; box-sizing: border-box; overflow: auto;">...</div>
  (Session info: chrome=137.0.7151.103)
Build info: version: '4.20.0', revision: '866c76ca80'
System info: os.name: 'Windows 11', os.arch: 'amd64', os.version: '10.0', java.version: '22.0.1'
Driver info: org.openqa.selenium.chrome.ChromeDriver
Command: [3e9ad4aa6b42e8d986e790c30e5f7032, clickElement {id=f.8F469B38626DE2C101EE4595809F029F.d.3C07A6C97DEBFB49CAC71B3631249013.e.61}]
Capabilities {acceptInsecureCerts: false, browserName: chrome, browserVersion: 137.0.7151.103, chrome: {chromedriverVersion: 137.0.7151.70 (dfa4dc56b2ab..., userDataDir: C:\Users\EMILAY~1.COS\AppDa...}, fedcm:accounts: true, goog:chromeOptions: {debuggerAddress: localhost:54318}, networkConnectionEnabled: false, pageLoadStrategy: normal, platformName: windows, proxy: Proxy(), se:cdp: ws://localhost:54318/devtoo..., se:cdpVersion: 137.0.7151.103, setWindowRect: true, strictFileInteractability: false, timeouts: {implicit: 0, pageLoad: 300000, script: 30000}, unhandledPromptBehavior: dismiss and notify, webauthn:extension:credBlob: true, webauthn:extension:largeBlob: true, webauthn:extension:minPinLength: true, webauthn:extension:prf: true, webauthn:virtualAuthenticators: true}
Element: [[ChromeDriver: chrome on windows (3e9ad4aa6b42e8d986e790c30e5f7032)] -> id: react-burger-menu-btn]
Session ID: 3e9ad4aa6b42e8d986e790c30e5f7032
	at java.base/jdk.internal.reflect.DirectConstructorHandleAccessor.newInstance(DirectConstructorHandleAccessor.java:62)
	at java.base/java.lang.reflect.Constructor.newInstanceWithCaller(Constructor.java:502)
	at java.base/java.lang.reflect.Constructor.newInstance(Constructor.java:486)
	at org.openqa.selenium.remote.ErrorCodec.decode(ErrorCodec.java:167)
	at org.openqa.selenium.remote.codec.w3c.W3CHttpResponseCodec.decode(W3CHttpResponseCodec.java:138)
	at org.openqa.selenium.remote.codec.w3c.W3CHttpResponseCodec.decode(W3CHttpResponseCodec.java:50)
	at org.openqa.selenium.remote.HttpCommandExecutor.execute(HttpCommandExecutor.java:190)
	at org.openqa.selenium.remote.service.DriverCommandExecutor.invokeExecute(DriverCommandExecutor.java:216)
	at org.openqa.selenium.remote.service.DriverCommandExecutor.execute(DriverCommandExecutor.java:174)
	at org.openqa.selenium.remote.RemoteWebDriver.execute(RemoteWebDriver.java:518)
	at org.openqa.selenium.remote.RemoteWebElement.execute(RemoteWebElement.java:223)
	at org.openqa.selenium.remote.RemoteWebElement.click(RemoteWebElement.java:76)
	at com.swag_labs.pages.ProdutosPage.abrirMenuLateral(ProdutosPage.java:157)
	at com.swag_labs.pages.ProdutosPage.clicarOpcaoTodosOsItens(ProdutosPage.java:174)
	at com.swag_labs.Cenario2_TelaInicialEListagemDeProdutos.CT05_ValidarRedirecionamentoParaTodosItens.validarProdutosENavegacaoPorMenu(CT05_ValidarRedirecionamentoParaTodosItens.java:64)
	at java.base/java.lang.reflect.Method.invoke(Method.java:580)
	at java.base/java.util.ArrayList.forEach(ArrayList.java:1597)
	at java.base/java.util.ArrayList.forEach(ArrayList.java:1597)

