-------------------------------------------------------------------------------
Test set: com.swag_labs.Cenario3_CarrinhoDeCompras.CT06_ValidarAdicionarMultiplasUnidadesTest
-------------------------------------------------------------------------------
Tests run: 1, Failures: 1, Errors: 0, Skipped: 0, Time elapsed: 4.086 s <<< FAILURE! -- in com.swag_labs.Cenario3_CarrinhoDeCompras.CT06_ValidarAdicionarMultiplasUnidadesTest
com.swag_labs.Cenario3_CarrinhoDeCompras.CT06_ValidarAdicionarMultiplasUnidadesTest.validarAdicionarMultiplasUnidadesMesmoProduto -- Time elapsed: 0.211 s <<< FAILURE!
org.opentest4j.AssertionFailedError: Botão 'Adicionar ao carrinho' não está visível para o mesmo produto após já ter sido adicionado - sistema não permite múltiplas unidades! ==> expected: <true> but was: <false>
	at org.junit.jupiter.api.AssertionFailureBuilder.build(AssertionFailureBuilder.java:151)
	at org.junit.jupiter.api.AssertionFailureBuilder.buildAndThrow(AssertionFailureBuilder.java:132)
	at org.junit.jupiter.api.AssertTrue.failNotTrue(AssertTrue.java:63)
	at org.junit.jupiter.api.AssertTrue.assertTrue(AssertTrue.java:36)
	at org.junit.jupiter.api.Assertions.assertTrue(Assertions.java:214)
	at com.swag_labs.Cenario3_CarrinhoDeCompras.CT06_ValidarAdicionarMultiplasUnidadesTest.validarAdicionarMultiplasUnidadesMesmoProduto(CT06_ValidarAdicionarMultiplasUnidadesTest.java:46)
	at java.base/java.lang.reflect.Method.invoke(Method.java:580)
	at java.base/java.util.ArrayList.forEach(ArrayList.java:1597)
	at java.base/java.util.ArrayList.forEach(ArrayList.java:1597)

