<?xml version="1.0" encoding="UTF-8"?>
<testsuite xmlns:xsi="http://www.w3.org/2001/XMLSchema-instance" xsi:noNamespaceSchemaLocation="https://maven.apache.org/surefire/maven-surefire-plugin/xsd/surefire-test-report.xsd" version="3.0.1" name="com.swag_labs.Cenario2_TelaInicialEListagemDeProdutos.CT05_ValidarRedirecionamentoParaTodosItens" time="7.251" tests="1" errors="1" skipped="0" failures="0">
  <properties>
[...]
</properties>
  <testcase name="validarProdutosENavegacaoPorMenu" classname="com.swag_labs.Cenario2_TelaInicialEListagemDeProdutos.CT05_ValidarRedirecionamentoParaTodosItens" time="1.844">
    <error message="element click intercepted: Element &lt;button type=&quot;button&quot; id=&quot;react-burger-menu-btn&quot; style=&quot;position: absolute; left: 0px; top: 0px; z-index: 1; width: 100%; height: 100%; margin: 0px; padding: 0px; border: none; font-size: 0px; background: transparent; cursor: pointer;&quot;&gt;...&lt;/button&gt; is not clickable at point (30, 30). Other element would receive the click: &lt;div class=&quot;bm-menu&quot; style=&quot;height: 100%; box-sizing: border-box; overflow: auto;&quot;&gt;...&lt;/div&gt;&#10;  (Session info: chrome=137.0.7151.103)&#10;Build info: version: &apos;4.20.0&apos;, revision: &apos;866c76ca80&apos;&#10;System info: os.name: &apos;Windows 11&apos;, os.arch: &apos;amd64&apos;, os.version: &apos;10.0&apos;, java.version: &apos;22.0.1&apos;&#10;Driver info: org.openqa.selenium.chrome.ChromeDriver&#10;Command: [3e9ad4aa6b42e8d986e790c30e5f7032, clickElement {id=f.8F469B38626DE2C101EE4595809F029F.d.3C07A6C97DEBFB49CAC71B3631249013.e.61}]&#10;Capabilities {acceptInsecureCerts: false, browserName: chrome, browserVersion: 137.0.7151.103, chrome: {chromedriverVersion: 137.0.7151.70 (dfa4dc56b2ab..., userDataDir: C:\Users\EMILAY~1.COS\AppDa...}, fedcm:accounts: true, goog:chromeOptions: {debuggerAddress: localhost:54318}, networkConnectionEnabled: false, pageLoadStrategy: normal, platformName: windows, proxy: Proxy(), se:cdp: ws://localhost:54318/devtoo..., se:cdpVersion: 137.0.7151.103, setWindowRect: true, strictFileInteractability: false, timeouts: {implicit: 0, pageLoad: 300000, script: 30000}, unhandledPromptBehavior: dismiss and notify, webauthn:extension:credBlob: true, webauthn:extension:largeBlob: true, webauthn:extension:minPinLength: true, webauthn:extension:prf: true, webauthn:virtualAuthenticators: true}&#10;Element: [[ChromeDriver: chrome on windows (3e9ad4aa6b42e8d986e790c30e5f7032)] -&gt; id: react-burger-menu-btn]&#10;Session ID: 3e9ad4aa6b42e8d986e790c30e5f7032" type="org.openqa.selenium.ElementClickInterceptedException"><![CDATA[org.openqa.selenium.ElementClickInterceptedException: 
element click intercepted: Element <button type="button" id="react-burger-menu-btn" style="position: absolute; left: 0px; top: 0px; z-index: 1; width: 100%; height: 100%; margin: 0px; padding: 0px; border: none; font-size: 0px; background: transparent; cursor: pointer;">...</button> is not clickable at point (30, 30). Other element would receive the click: <div class="bm-menu" style="height: 100%; box-sizing: border-box; overflow: auto;">...</div>
  (Session info: chrome=137.0.7151.103)
Build info: version: '4.20.0', revision: '866c76ca80'
System info: os.name: 'Windows 11', os.arch: 'amd64', os.version: '10.0', java.version: '22.0.1'
Driver info: org.openqa.selenium.chrome.ChromeDriver
Command: [3e9ad4aa6b42e8d986e790c30e5f7032, clickElement {id=f.8F469B38626DE2C101EE4595809F029F.d.3C07A6C97DEBFB49CAC71B3631249013.e.61}]
Capabilities {acceptInsecureCerts: false, browserName: chrome, browserVersion: 137.0.7151.103, chrome: {chromedriverVersion: 137.0.7151.70 (dfa4dc56b2ab..., userDataDir: C:\Users\EMILAY~1.COS\AppDa...}, fedcm:accounts: true, goog:chromeOptions: {debuggerAddress: localhost:54318}, networkConnectionEnabled: false, pageLoadStrategy: normal, platformName: windows, proxy: Proxy(), se:cdp: ws://localhost:54318/devtoo..., se:cdpVersion: 137.0.7151.103, setWindowRect: true, strictFileInteractability: false, timeouts: {implicit: 0, pageLoad: 300000, script: 30000}, unhandledPromptBehavior: dismiss and notify, webauthn:extension:credBlob: true, webauthn:extension:largeBlob: true, webauthn:extension:minPinLength: true, webauthn:extension:prf: true, webauthn:virtualAuthenticators: true}
Element: [[ChromeDriver: chrome on windows (3e9ad4aa6b42e8d986e790c30e5f7032)] -> id: react-burger-menu-btn]
Session ID: 3e9ad4aa6b42e8d986e790c30e5f7032
	at java.base/jdk.internal.reflect.DirectConstructorHandleAccessor.newInstance(DirectConstructorHandleAccessor.java:62)
	at java.base/java.lang.reflect.Constructor.newInstanceWithCaller(Constructor.java:502)
	at java.base/java.lang.reflect.Constructor.newInstance(Constructor.java:486)
	at org.openqa.selenium.remote.ErrorCodec.decode(ErrorCodec.java:167)
	at org.openqa.selenium.remote.codec.w3c.W3CHttpResponseCodec.decode(W3CHttpResponseCodec.java:138)
	at org.openqa.selenium.remote.codec.w3c.W3CHttpResponseCodec.decode(W3CHttpResponseCodec.java:50)
	at org.openqa.selenium.remote.HttpCommandExecutor.execute(HttpCommandExecutor.java:190)
	at org.openqa.selenium.remote.service.DriverCommandExecutor.invokeExecute(DriverCommandExecutor.java:216)
	at org.openqa.selenium.remote.service.DriverCommandExecutor.execute(DriverCommandExecutor.java:174)
	at org.openqa.selenium.remote.RemoteWebDriver.execute(RemoteWebDriver.java:518)
	at org.openqa.selenium.remote.RemoteWebElement.execute(RemoteWebElement.java:223)
	at org.openqa.selenium.remote.RemoteWebElement.click(RemoteWebElement.java:76)
	at com.swag_labs.pages.ProdutosPage.abrirMenuLateral(ProdutosPage.java:157)
	at com.swag_labs.pages.ProdutosPage.clicarOpcaoTodosOsItens(ProdutosPage.java:174)
	at com.swag_labs.Cenario2_TelaInicialEListagemDeProdutos.CT05_ValidarRedirecionamentoParaTodosItens.validarProdutosENavegacaoPorMenu(CT05_ValidarRedirecionamentoParaTodosItens.java:64)
	at java.base/java.lang.reflect.Method.invoke(Method.java:580)
	at java.base/java.util.ArrayList.forEach(ArrayList.java:1597)
	at java.base/java.util.ArrayList.forEach(ArrayList.java:1597)
]]></error>
    <system-err><![CDATA[[main] INFO io.github.bonigarcia.wdm.WebDriverManager - Using chromedriver 137.0.7151.70 (resolved driver for Chrome 137)
[main] INFO io.github.bonigarcia.wdm.WebDriverManager - Exporting webdriver.chrome.driver as C:\Users\emilayd.costa\.cache\selenium\chromedriver\win64\137.0.7151.70\chromedriver.exe
jun. 11, 2025 10:03:19 PM org.openqa.selenium.devtools.CdpVersionFinder findNearestMatch
WARNING: Unable to find CDP implementation matching 137
jun. 11, 2025 10:03:19 PM org.openqa.selenium.chromium.ChromiumDriver lambda$new$5
WARNING: Unable to find version of CDP to use for 137.0.7151.103. You may need to include a dependency on a specific version of the CDP using something similar to `org.seleniumhq.selenium:selenium-devtools-v86:4.20.0` where the version ("v86") matches the version of the chromium-based browser you're using and the version number of the artifact is the same as Selenium's.
]]></system-err>
  </testcase>
</testsuite>